[INFO] Scanning for projects...
[INFO] 
[INFO] ------------------------< com.ead2:library-api >------------------------
[INFO] Building library-api 0.0.1-SNAPSHOT
[INFO]   from pom.xml
[INFO] --------------------------------[ jar ]---------------------------------
[INFO] 
[INFO] --- clean:3.3.2:clean (default-clean) @ library-api ---
[INFO] Deleting C:\Users\DYD\Desktop\EAD CW\library-api\library-api\target
[INFO] 
[INFO] --- resources:3.3.1:resources (default-resources) @ library-api ---
[INFO] Copying 1 resource from src\main\resources to target\classes
[INFO] Copying 0 resource from src\main\resources to target\classes
[INFO] 
[INFO] --- compiler:3.11.0:compile (default-compile) @ library-api ---
[INFO] Changes detected - recompiling the module! :source
[INFO] Compiling 14 source files with javac [debug release 17] to target\classes
[INFO] ------------------------------------------------------------------------
[INFO] BUILD SUCCESS
[INFO] ------------------------------------------------------------------------
[INFO] Total time:  2.361 s
[INFO] Finished at: 2026-03-13T11:49:12+05:30
[INFO] ------------------------------------------------------------------------
